Using pre-set license
Built from '2021.3/staging' branch; Version is '2021.3.4f1 (cb45f9cae8b7) revision 13321721'; Using compiler version '192829333'; Build Type 'Release'
OS: 'Windows 10  (10.0.19043) 64bit Professional' Language: 'hu' Physical Memory: 16075 MB
BatchMode: 1, IsHumanControllingUs: 0, StartBugReporterOnCrash: 0, Is64bit: 1, IsPro: 1

COMMAND LINE ARGUMENTS:
C:\Program Files\Unity\Hub\Editor\2021.3.4f1\Editor\Unity.exe
-adb2
-batchMode
-noUpm
-name
AssetImportWorker0
-projectPath
C:/Users/gob-boi/Documents/GitHub/Project_AI_Football/AI Football
-logFile
Logs/AssetImportWorker0.log
-srvPort
62633
Successfully changed project path to: C:/Users/gob-boi/Documents/GitHub/Project_AI_Football/AI Football
C:/Users/gob-boi/Documents/GitHub/Project_AI_Football/AI Football
[UnityMemory] Configuration Parameters - Can be set up in boot.config
    "memorysetup-bucket-allocator-granularity=16"
    "memorysetup-bucket-allocator-bucket-count=8"
    "memorysetup-bucket-allocator-block-size=33554432"
    "memorysetup-bucket-allocator-block-count=8"
    "memorysetup-main-allocator-block-size=16777216"
    "memorysetup-thread-allocator-block-size=16777216"
    "memorysetup-gfx-main-allocator-block-size=16777216"
    "memorysetup-gfx-thread-allocator-block-size=16777216"
    "memorysetup-cache-allocator-block-size=4194304"
    "memorysetup-typetree-allocator-block-size=2097152"
    "memorysetup-profiler-bucket-allocator-granularity=16"
    "memorysetup-profiler-bucket-allocator-bucket-count=8"
    "memorysetup-profiler-bucket-allocator-block-size=33554432"
    "memorysetup-profiler-bucket-allocator-block-count=8"
    "memorysetup-profiler-allocator-block-size=16777216"
    "memorysetup-profiler-editor-allocator-block-size=1048576"
    "memorysetup-temp-allocator-size-main=16777216"
    "memorysetup-job-temp-allocator-block-size=2097152"
    "memorysetup-job-temp-allocator-block-size-background=1048576"
    "memorysetup-job-temp-allocator-reduction-small-platforms=262144"
    "memorysetup-temp-allocator-size-background-worker=32768"
    "memorysetup-temp-allocator-size-job-worker=262144"
    "memorysetup-temp-allocator-size-preload-manager=33554432"
    "memorysetup-temp-allocator-size-nav-mesh-worker=65536"
    "memorysetup-temp-allocator-size-audio-worker=65536"
    "memorysetup-temp-allocator-size-cloud-worker=32768"
    "memorysetup-temp-allocator-size-gi-baking-worker=262144"
    "memorysetup-temp-allocator-size-gfx=262144"
Refreshing native plugins compatible for Editor in 91.49 ms, found 4 plugins.
Preloading 0 native plugins for Editor in 0.00 ms.
Initialize engine version: 2021.3.4f1 (cb45f9cae8b7)
[Subsystems] Discovering subsystems at path C:/Program Files/Unity/Hub/Editor/2021.3.4f1/Editor/Data/Resources/UnitySubsystems
[Subsystems] Discovering subsystems at path C:/Users/gob-boi/Documents/GitHub/Project_AI_Football/AI Football/Assets
GfxDevice: creating device client; threaded=0; jobified=0
Direct3D:
    Version:  Direct3D 11.0 [level 11.1]
    Renderer: NVIDIA GeForce RTX 3050 Laptop GPU (ID=0x25a2)
    Vendor:   NVIDIA
    VRAM:     3993 MB
    Driver:   31.0.15.1659
Initialize mono
Mono path[0] = 'C:/Program Files/Unity/Hub/Editor/2021.3.4f1/Editor/Data/Managed'
Mono path[1] = 'C:/Program Files/Unity/Hub/Editor/2021.3.4f1/Editor/Data/MonoBleedingEdge/lib/mono/unityjit-win32'
Mono config path = 'C:/Program Files/Unity/Hub/Editor/2021.3.4f1/Editor/Data/MonoBleedingEdge/etc'
Using monoOptions --debugger-agent=transport=dt_socket,embedding=1,server=y,suspend=n,address=127.0.0.1:56656
Begin MonoManager ReloadAssembly
Registering precompiled unity dll's ...
Register platform support module: C:/Program Files/Unity/Hub/Editor/2021.3.4f1/Editor/Data/PlaybackEngines/WebGLSupport/UnityEditor.WebGL.Extensions.dll
Register platform support module: C:/Program Files/Unity/Hub/Editor/2021.3.4f1/Editor/Data/PlaybackEngines/WindowsStandaloneSupport/UnityEditor.WindowsStandalone.Extensions.dll
Registered in 0.003172 seconds.
Native extension for WindowsStandalone target not found
Native extension for WebGL target not found
Refreshing native plugins compatible for Editor in 86.34 ms, found 4 plugins.
Preloading 0 native plugins for Editor in 0.00 ms.
Mono: successfully reloaded assembly
- Completed reload, in  0.617 seconds
Domain Reload Profiling:
	ReloadAssembly (619ms)
		BeginReloadAssembly (64ms)
			ExecutionOrderSort (0ms)
			DisableScriptedObjects (0ms)
			BackupInstance (0ms)
			ReleaseScriptingObjects (0ms)
			CreateAndSetChildDomain (1ms)
		EndReloadAssembly (458ms)
			LoadAssemblies (64ms)
			RebuildTransferFunctionScriptingTraits (0ms)
			SetupTypeCache (108ms)
			ReleaseScriptCaches (0ms)
			RebuildScriptCaches (28ms)
			SetupLoadedEditorAssemblies (272ms)
				LogAssemblyErrors (0ms)
				InitializePlatformSupportModulesInManaged (7ms)
				SetLoadedEditorAssemblies (0ms)
				RefreshPlugins (86ms)
				BeforeProcessingInitializeOnLoad (1ms)
				ProcessInitializeOnLoadAttributes (132ms)
				ProcessInitializeOnLoadMethodAttributes (45ms)
				AfterProcessingInitializeOnLoad (0ms)
				EditorAssembliesLoaded (0ms)
			ExecutionOrderSort2 (0ms)
			AwakeInstancesAfterBackupRestoration (0ms)
Platform modules already initialized, skipping
Registering precompiled user dll's ...
Registered in 0.005147 seconds.
Begin MonoManager ReloadAssembly
Symbol file LoadedFromMemory doesn't match image C:\Users\gob-boi\Documents\GitHub\Project_AI_Football\AI Football\Library\PackageCache\com.unity.visualscripting@1.7.8\Editor\VisualScripting.Core\Dependencies\YamlDotNet\Unity.VisualScripting.YamlDotNet.dll
Symbol file LoadedFromMemory doesn't match image C:\Users\gob-boi\Documents\GitHub\Project_AI_Football\AI Football\Library\PackageCache\com.unity.visualscripting@1.7.8\Editor\VisualScripting.Core\Dependencies\DotNetZip\Unity.VisualScripting.IonicZip.dll
Native extension for WindowsStandalone target not found
Native extension for WebGL target not found
Refreshing native plugins compatible for Editor in 102.52 ms, found 4 plugins.
Preloading 0 native plugins for Editor in 0.00 ms.
Mono: successfully reloaded assembly
- Completed reload, in  1.245 seconds
Domain Reload Profiling:
	ReloadAssembly (1245ms)
		BeginReloadAssembly (113ms)
			ExecutionOrderSort (0ms)
			DisableScriptedObjects (4ms)
			BackupInstance (0ms)
			ReleaseScriptingObjects (0ms)
			CreateAndSetChildDomain (17ms)
		EndReloadAssembly (994ms)
			LoadAssemblies (103ms)
			RebuildTransferFunctionScriptingTraits (0ms)
			SetupTypeCache (361ms)
			ReleaseScriptCaches (1ms)
			RebuildScriptCaches (63ms)
			SetupLoadedEditorAssemblies (428ms)
				LogAssemblyErrors (0ms)
				InitializePlatformSupportModulesInManaged (4ms)
				SetLoadedEditorAssemblies (0ms)
				RefreshPlugins (103ms)
				BeforeProcessingInitializeOnLoad (84ms)
				ProcessInitializeOnLoadAttributes (207ms)
				ProcessInitializeOnLoadMethodAttributes (27ms)
				AfterProcessingInitializeOnLoad (4ms)
				EditorAssembliesLoaded (0ms)
			ExecutionOrderSort2 (0ms)
			AwakeInstancesAfterBackupRestoration (6ms)
Platform modules already initialized, skipping
========================================================================
Worker process is ready to serve import requests
Launched and connected shader compiler UnityShaderCompiler.exe after 0.03 seconds
Refreshing native plugins compatible for Editor in 0.70 ms, found 4 plugins.
Preloading 0 native plugins for Editor in 0.00 ms.
Unloading 4007 Unused Serialized files (Serialized files now loaded: 0)
Unloading 67 unused Assets / (21.1 MB). Loaded Objects now: 4426.
Memory consumption went from 187.3 MB to 166.2 MB.
Total: 5.197700 ms (FindLiveObjects: 0.294200 ms CreateObjectMapping: 0.123200 ms MarkObjects: 2.604400 ms  DeleteObjects: 2.174100 ms)

AssetImportParameters requested are different than current active one (requested -> active):
  custom:video-decoder-ogg-theora: a1e56fd34408186e4bbccfd4996cb3dc -> 
  custom:container-muxer-webm: aa71ff27fc2769a1b78a27578f13a17b -> 
  custom:container-demuxer-webm: 4f35f7cbe854078d1ac9338744f61a02 -> 
  custom:video-encoder-webm-vp8: eb34c28f22e8b96e1ab97ce403110664 -> 
  custom:audio-encoder-webm-vorbis: bf7c407c2cedff20999df2af8eb42d56 -> 
  custom:framework-win-MediaFoundation: 216162199b28c13a410421893ffa2e32 -> 
  custom:container-demuxer-ogg: 62fdf1f143b41e24485cea50d1cbac27 -> 
  custom:video-decoder-webm-vp8: 9c59270c3fd7afecdb556c50c9e8de78 -> 
  custom:audio-decoder-ogg-vorbis: bf7c407c2cedff20999df2af8eb42d56 -> 
========================================================================
Received Import Request.
  Time since last request: 678160.366038 seconds.
  path: Assets/Pitch.fbx
  artifactKey: Guid(a6d2c54e6ef1f864dbf6d6370931acae) Importer(815301076,1909f56bfc062723c751e8b465ee728b)
Start importing Assets/Pitch.fbx using Guid(a6d2c54e6ef1f864dbf6d6370931acae) Importer(815301076,1909f56bfc062723c751e8b465ee728b)  -> (artifact id: '27e9d44e576eb5cb3f959204d3a31662') in 1.109666 seconds 
========================================================================
Received Import Request.
  Time since last request: 34.021451 seconds.
  path: Assets/Black-Ball-Material.mat
  artifactKey: Guid(a831497e04b26394e9bb1abfeb6bd30b) Importer(815301076,1909f56bfc062723c751e8b465ee728b)
Start importing Assets/Black-Ball-Material.mat using Guid(a831497e04b26394e9bb1abfeb6bd30b) Importer(815301076,1909f56bfc062723c751e8b465ee728b)  -> (artifact id: '7acfdcd0a02bcf011229b98ec163529b') in 0.086971 seconds 
========================================================================
Received Import Request.
  Time since last request: 19.997380 seconds.
  path: Assets/White-Ball-Material.mat
  artifactKey: Guid(b18f2b424c8eb4c4aaff89d7ce257b96) Importer(815301076,1909f56bfc062723c751e8b465ee728b)
Start importing Assets/White-Ball-Material.mat using Guid(b18f2b424c8eb4c4aaff89d7ce257b96) Importer(815301076,1909f56bfc062723c751e8b465ee728b)  -> (artifact id: '16f8bec3327946ff18028d79b2aa6440') in 0.016047 seconds 
========================================================================
Received Import Request.
  Time since last request: 15.072504 seconds.
  path: Assets/SoccerBallNormalMap.png
  artifactKey: Guid(0d7ffb15d2187a847b955e3c3429bdf8) Importer(815301076,1909f56bfc062723c751e8b465ee728b)
Start importing Assets/SoccerBallNormalMap.png using Guid(0d7ffb15d2187a847b955e3c3429bdf8) Importer(815301076,1909f56bfc062723c751e8b465ee728b)  -> (artifact id: '716000b4cef0c23ff7e80d93e5afaf52') in 0.033427 seconds 
========================================================================
Received Import Request.
  Time since last request: 24.309452 seconds.
  path: Assets/SoccerBall.prefab
  artifactKey: Guid(1f61ad23093975348a254243e172d641) Importer(815301076,1909f56bfc062723c751e8b465ee728b)
Start importing Assets/SoccerBall.prefab using Guid(1f61ad23093975348a254243e172d641) Importer(815301076,1909f56bfc062723c751e8b465ee728b)  -> (artifact id: '31e2d7ef4161d025d75de739f66adba3') in 0.013920 seconds 
========================================================================
Received Import Request.
  Time since last request: 48.033243 seconds.
  path: Assets/SoccerTwos.onnx
  artifactKey: Guid(8cdb5f78b10817a4793414bda8c2af75) Importer(815301076,1909f56bfc062723c751e8b465ee728b)
Start importing Assets/SoccerTwos.onnx using Guid(8cdb5f78b10817a4793414bda8c2af75) Importer(815301076,1909f56bfc062723c751e8b465ee728b)  -> (artifact id: 'c3bd333ea361f89a840a130d7ca0edb9') in 0.046298 seconds 
========================================================================
Received Import Request.
  Time since last request: 89.244546 seconds.
  path: Assets/Black-Ball-Material.mat
  artifactKey: Guid(a831497e04b26394e9bb1abfeb6bd30b) Importer(815301076,1909f56bfc062723c751e8b465ee728b)
Start importing Assets/Black-Ball-Material.mat using Guid(a831497e04b26394e9bb1abfeb6bd30b) Importer(815301076,1909f56bfc062723c751e8b465ee728b)  -> (artifact id: '592af024c745cf6413d1cfdde5383532') in 0.170229 seconds 
========================================================================
Received Import Request.
  Time since last request: 7.101241 seconds.
  path: Assets/Black-Ball-Material.mat
  artifactKey: Guid(a831497e04b26394e9bb1abfeb6bd30b) Importer(815301076,1909f56bfc062723c751e8b465ee728b)
Start importing Assets/Black-Ball-Material.mat using Guid(a831497e04b26394e9bb1abfeb6bd30b) Importer(815301076,1909f56bfc062723c751e8b465ee728b)  -> (artifact id: '98d100ffe0e75ffab23ac93b8e05f080') in 0.027822 seconds 
========================================================================
Received Import Request.
  Time since last request: 136.323985 seconds.
  path: Assets/White-Ball-Material.mat
  artifactKey: Guid(b18f2b424c8eb4c4aaff89d7ce257b96) Importer(815301076,1909f56bfc062723c751e8b465ee728b)
Start importing Assets/White-Ball-Material.mat using Guid(b18f2b424c8eb4c4aaff89d7ce257b96) Importer(815301076,1909f56bfc062723c751e8b465ee728b)  -> (artifact id: '5db4a7d85f301b6475239965e5bda7d0') in 0.022045 seconds 
